<?xml version="1.0" encoding="UTF-8"?>
<!--
 Copyright (c) 2016, All partners of the iTesla project (http://www.itesla-project.eu/consortium)
 This Source Code Form is subject to the terms of the Mozilla Public
 License, v. 2.0. If a copy of the MPL was not distributed with this
 file, You can obtain one at http://mozilla.org/MPL/2.0/.
-->
<!-- This is an unmanaged datasource. It should be used for proofs of concept 
   or testing only. It uses H2, an in memory database that ships with JBoss 
   AS. -->
<datasources xmlns="http://www.jboss.org/ironjacamar/schema"
   xmlns:xsi="http://www.w3.org/2001/XMLSchema-instance"
   xsi:schemaLocation="http://www.jboss.org/ironjacamar/schema http://docs.jboss.org/ironjacamar/schema/datasources_1_0.xsd">
   <!-- The datasource is bound into JNDI at this location. We reference 
      this in META-INF/test-persistence.xml -->
   <datasource jndi-name="java:jboss/datasources/iddbtest01DS"
      pool-name="itesladdbtestDS" enabled="true"
      use-java-context="true">
      
      <connection-url>jdbc:h2:mem:iddbtest01DS;DB_CLOSE_DELAY=-1</connection-url>
      <driver>h2</driver>
      <security>
         <user-name>sa</user-name>
         <password>sa</password>
      </security>
      
   </datasource>
</datasources>
 
